d:\2\my projects\society_2\society_2\x64\debug\vc141.pdb
d:\2\my projects\society_2\society_2\x64\debug\trans_class.obj
d:\2\my projects\society_2\society_2\x64\debug\save_load.obj
d:\2\my projects\society_2\society_2\x64\debug\relative_class.obj
d:\2\my projects\society_2\society_2\x64\debug\main.obj
d:\2\my projects\society_2\society_2\x64\debug\human_class.obj
d:\2\my projects\society_2\society_2\x64\debug\func.obj
d:\2\my projects\society_2\society_2\x64\debug\.netframework,version=v4.6.1.assemblyattributes.obj
d:\2\my projects\society_2\society_2\x64\debug\.netframework,version=v4.6.1.assemblyattributes.asm
d:\2\my projects\society_2\x64\debug\society_2.exe
d:\2\my projects\society_2\x64\debug\society_2.pdb
d:\2\my projects\society_2\society_2\x64\debug\society_2.vcxprojassemblyreference.cache
d:\2\my projects\society_2\society_2\x64\debug\society_2.tlog\cl.command.1.tlog
d:\2\my projects\society_2\society_2\x64\debug\society_2.tlog\cl.read.1.tlog
d:\2\my projects\society_2\society_2\x64\debug\society_2.tlog\cl.write.1.tlog
d:\2\my projects\society_2\society_2\x64\debug\society_2.tlog\link.command.1.tlog
d:\2\my projects\society_2\society_2\x64\debug\society_2.tlog\link.read.1.tlog
d:\2\my projects\society_2\society_2\x64\debug\society_2.tlog\link.write.1.tlog
d:\2\my projects\society_2\society_2\x64\debug\society_2.tlog\metagen.read.1.tlog
d:\2\my projects\society_2\society_2\x64\debug\society_2.tlog\metagen.write.1.tlog
